2024-07-04 15:00:45.868 INFO  [main] com.haulmont.cuba.core.sys.AbstractWebAppContextLoader - Initializing 'web' block, servlet context path: /app
2024-07-04 15:00:46.017 INFO  [main] com.haulmont.cuba.core.sys.AppComponents - Using app components: [com.haulmont.cuba]
2024-07-04 15:00:46.089 INFO  [main] com.haulmont.cuba.core.sys.AbstractWebAppContextLoader - Loading app properties from classpath:com/company/intership/web-app.properties
2024-07-04 15:00:46.096 INFO  [main] com.haulmont.cuba.core.sys.AbstractWebAppContextLoader - Loading app properties from file:/Users/dmt/IdeaProjects/haulmont/intership/yankindev/deploy/tomcat/../app_home/local.app.properties
2024-07-04 15:00:46.113 INFO  [main] com.haulmont.cuba.core.sys.AbstractWebAppContextLoader - cuba.webContextName: app
2024-07-04 15:00:46.295 INFO  [main] com.haulmont.cuba.core.sys.environmentcheck.EnvironmentChecksRunner - Environment checks on web module completed successfully
2024-07-04 15:00:48.619 INFO  [main] com.haulmont.cuba.core.sys.remoting.discovery.StaticServerSelector - Server URLs: [http://localhost:8080/app-core/remoting]
2024-07-04 15:00:48.645 INFO  [main] com.haulmont.cuba.web.sys.remoting.WebRemoteProxyBeanCreator - Configuring proxy beans for local service invocations: [cuba_AuthenticationService, cuba_TrustedClientService, cuba_ServerInfoService, cuba_UserSettingService, cuba_UserManagementService, cuba_DataService, cuba_ConfigStorageService, cuba_PersistenceManagerService, cuba_LockService, cuba_UserSessionService, cuba_FoldersService, cuba_EmailService, cuba_FileStorageService, cuba_EntitySnapshotService, cuba_UniqueNumbersService, cuba_LocalizedMessageService, cuba_ResourceService, cuba_ScheduledTasksService, cuba_EntityLogService, cuba_TestingService, cuba_DomainDescriptionService, cuba_RelatedEntitiesService, cuba_EntitySqlGenerationService, cuba_NumberIdService, cuba_QueryResultsService, cuba_DynamicAttributesCacheService, cuba_EntityRestoreService, cuba_LocalFileExchangeService, cuba_EntityImportExportService, cuba_ConstraintLocalizationService, cuba_AttributeAccessService, cuba_ExceptionReportService, cuba_BulkEditorDataService, cuba_PersistenceSecurityService, cuba_AccessGroupsService, cuba_AttributeOptionsLoaderService, cuba_RolesService, cuba_SecurityScopesService, cuba_ScreenProfilerService]
2024-07-04 15:00:50.703 DEBUG [main] org.jboss.logging - Logging Provider: org.jboss.logging.Slf4jLoggerProvider
2024-07-04 15:00:51.740 INFO  [main] com.haulmont.cuba.core.sys.jmx.MBeanExporter - Registering beans for JMX exposure: [app.cuba:type=ConfigStorage, app.cuba:type=CachingFacade, app.cuba:type=FileUploading, app.cuba:type=JmxNodeIdentifier, app.cuba:type=JmxLogControl, app.cuba:type=ClassLoaderManager, app.cuba:type=StatisticsCounter]
2024-07-04 15:00:51.884 DEBUG [main] com.haulmont.cuba.gui.components.impl.ActionsImpl - Actions initialized in 34 ms
2024-07-04 15:00:51.890 INFO  [main] com.haulmont.cuba.core.sys.MetadataImpl - Initializing metadata
2024-07-04 15:00:52.205 INFO  [main] com.haulmont.cuba.core.sys.MetadataImpl - Metadata initialized in 314 ms
2024-07-04 15:00:52.228 INFO  [main] com.haulmont.cuba.core.sys.AbstractWebAppContextLoader - AppContext started
2024-07-04 15:00:52.272 INFO  [main] com.haulmont.cuba.web.sys.CubaDispatcherServlet - Initializing Servlet 'dispatcher'
2024-07-04 15:00:52.618 DEBUG [main] _org.springframework.web.servlet.HandlerMapping.Mappings - 
	c.h.c.w.c.LogDownloadController:
	{GET [/log/{file:[a-zA-Z0-9\.\-_]+}]}: getLogFile(HttpServletResponse,String,Boolean,String)
2024-07-04 15:00:52.620 DEBUG [main] _org.springframework.web.servlet.HandlerMapping.Mappings - 
	c.h.c.w.c.HealthCheckController:
	{GET [/health]}: healthCheck(HttpServletRequest,HttpServletResponse)
2024-07-04 15:00:52.622 DEBUG [main] _org.springframework.web.servlet.HandlerMapping.Mappings - 
	c.h.c.w.c.FileDownloadController:
	{GET [/download]}: download(HttpServletRequest,HttpServletResponse)
2024-07-04 15:00:53.022 DEBUG [main] _org.springframework.web.servlet.HandlerMapping.Mappings - 'org.springframework.web.servlet.handler.BeanNameUrlHandlerMapping' {}
2024-07-04 15:00:53.058 INFO  [main] com.haulmont.cuba.web.sys.CubaDispatcherServlet - Completed initialization in 786 ms
2024-07-04 15:00:53.144 INFO  [main] com.haulmont.cuba.core.sys.AbstractWebAppContextLoader - Initializing 'core' block, servlet context path: /app-core
2024-07-04 15:00:53.157 INFO  [main] com.haulmont.cuba.core.sys.AppComponents - Using app components: [com.haulmont.cuba]
2024-07-04 15:00:53.169 INFO  [main] com.haulmont.cuba.core.sys.AbstractWebAppContextLoader - Loading app properties from classpath:com/company/intership/app.properties
2024-07-04 15:00:53.170 INFO  [main] com.haulmont.cuba.core.sys.AbstractWebAppContextLoader - Loading app properties from file:/Users/dmt/IdeaProjects/haulmont/intership/yankindev/deploy/tomcat/../app_home/local.app.properties
2024-07-04 15:00:53.171 INFO  [main] com.haulmont.cuba.core.sys.AbstractWebAppContextLoader - cuba.webContextName: app-core
2024-07-04 15:00:53.178 INFO  [main] com.haulmont.cuba.core.sys.AppContextLoader - DbmsType of the main database is set to postgres
2024-07-04 15:00:53.195 INFO  [main] com.haulmont.cuba.core.sys.environmentcheck.DataStoresCheck - Checking connection to data store Main
2024-07-04 15:00:53.355 INFO  [main] com.haulmont.cuba.core.sys.environmentcheck.EnvironmentChecksRunner - Environment checks on core module completed successfully
2024-07-04 15:00:53.461 INFO  [main] com.haulmont.cuba.core.sys.persistence.PersistenceConfigProcessor - Creating file /Users/dmt/IdeaProjects/haulmont/intership/yankindev/deploy/app_home/app-core/work/persistence.xml
2024-07-04 15:00:55.008 INFO  [main] com.zaxxer.hikari.HikariDataSource - Connection Pool-Main - Starting...
2024-07-04 15:00:55.088 INFO  [main] com.zaxxer.hikari.HikariDataSource - Connection Pool-Main - Start completed.
2024-07-04 15:00:58.104 INFO  [main] com.haulmont.cuba.core.sys.jmx.MBeanExporter - Registering beans for JMX exposure: [app-core.cuba:type=PersistenceManager, app-core.cuba:type=ConfigStorage, app-core.cuba:type=UserSessions, app-core.cuba:type=UniqueNumbers, app-core.cuba:type=Emailer, app-core.cuba:type=EntityLog, app-core.cuba:type=FileStorage, app-core.cuba:type=LockManager, app-core.cuba:type=CachingFacade, app-core.cuba:type=ClusterManager, app-core.cuba:type=ScriptingManager, app-core.cuba:type=ServerInfo, app-core.cuba:type=Scheduling, app-core.cuba:type=PasswordEncryptionSupport, app-core.cuba:type=JmxNodeIdentifier, app-core.cuba:type=JmxLogControl, app-core.cuba:type=ClassLoaderManager, app-core.cuba:type=StatisticsCounter, app-core.cuba:type=BruteForceProtection, app-core.cuba:type=QueryCacheSupport]
2024-07-04 15:00:58.362 INFO  [main] com.haulmont.cuba.core.sys.MetadataImpl - Initializing metadata
2024-07-04 15:00:58.533 INFO  [main] com.haulmont.cuba.core.sys.MetadataImpl - Metadata initialized in 171 ms
2024-07-04 15:00:58.915 DEBUG [main] com.haulmont.cuba.security.auth.AnonymousSessionHolder - Initialize anonymous sessions
2024-07-04 15:00:59.684 INFO  [main/app-core/server] com.haulmont.cuba.core.app.ConfigStorage - Loading DB-stored app properties cache
2024-07-04 15:01:00.282 INFO  [main/app-core/server] com.haulmont.cuba.security.auth.AuthenticationManagerBean - Logged in: 4a0c73b8-2f62-9109-f46f-7e816d7519ef [anonymous]
2024-07-04 15:01:00.283 DEBUG [main] com.haulmont.cuba.security.auth.AnonymousSessionHolder - Anonymous session for scope GENERIC_UI initialized with id 4a0c73b8-2f62-9109-f46f-7e816d7519ef
2024-07-04 15:01:00.283 INFO  [main] com.haulmont.cuba.core.sys.AbstractWebAppContextLoader - AppContext started
2024-07-04 15:01:00.289 INFO  [main] com.haulmont.cuba.core.sys.remoting.RemotingServlet - Initializing Servlet 'remoting'
2024-07-04 15:01:00.321 INFO  [main] com.haulmont.cuba.core.sys.remoting.RemoteServicesBeanCreator - Configuring remote services
2024-07-04 15:01:00.393 DEBUG [cuba_core_scheduler-5] com.haulmont.cuba.core.app.queryresults.QueryResultsManager - Delete query results for inactive user sessions
2024-07-04 15:01:00.430 WARN  [cuba_core_scheduler-4] com.haulmont.cuba.core.jmx.StatisticsCounter - Сonnection pool not found for statistics counting
2024-07-04 15:01:00.507 DEBUG [main] _org.springframework.web.servlet.HandlerMapping.Mappings - 'org.springframework.web.servlet.handler.BeanNameUrlHandlerMapping' {/cuba_AuthenticationService=com.haulmont.cuba.core.sys.remoting.HttpServiceExporter@2743e9b5, /cuba_TrustedClientService=com.haulmont.cuba.core.sys.remoting.HttpServiceExporter@25f546b8, /cuba_ServerInfoService=com.haulmont.cuba.core.sys.remoting.HttpServiceExporter@7a9bc6c1, /cuba_LocalizedMessageService=com.haulmont.cuba.core.sys.remoting.HttpServiceExporter@4a29d578, /cuba_AccessGroupsService=com.haulmont.cuba.core.sys.remoting.HttpServiceExporter@40281457, /cuba_RolesService=com.haulmont.cuba.core.sys.remoting.HttpServiceExporter@35667fb2, /cuba_UserSettingService=com.haulmont.cuba.core.sys.remoting.HttpServiceExporter@5afc307c, /cuba_UserSessionService=com.haulmont.cuba.core.sys.remoting.HttpServiceExporter@6a40a370, /cuba_SecurityScopesService=com.haulmont.cuba.core.sys.remoting.HttpServiceExporter@3bf6dc0e, /cuba_UserManagementService=com.haulmont.cuba.core.sys.remoting.HttpServiceExporter@56c856c0, /cuba_PersistenceSecurityService=com.haulmont.cuba.core.sys.remoting.HttpServiceExporter@1006738a, /cuba_ResourceService=com.haulmont.cuba.core.sys.remoting.HttpServiceExporter@64ff7aaf, /cuba_ScreenProfilerService=com.haulmont.cuba.core.sys.remoting.HttpServiceExporter@778ebf6f, /cuba_ScheduledTasksService=com.haulmont.cuba.core.sys.remoting.HttpServiceExporter@e7906af, /cuba_RelatedEntitiesService=com.haulmont.cuba.core.sys.remoting.HttpServiceExporter@60b7f05c, /cuba_EntityRestoreService=com.haulmont.cuba.core.sys.remoting.HttpServiceExporter@703c6519, /cuba_QueryResultsService=com.haulmont.cuba.core.sys.remoting.HttpServiceExporter@4626ba1b, /cuba_ExceptionReportService=com.haulmont.cuba.core.sys.remoting.HttpServiceExporter@6ffa30e3, /cuba_PersistenceManagerService=com.haulmont.cuba.core.sys.remoting.HttpServiceExporter@33af6d76, /cuba_NumberIdService=com.haulmont.cuba.core.sys.remoting.HttpServiceExporter@1d3727b8, /cuba_EntitySqlGenerationService=com.haulmont.cuba.core.sys.remoting.HttpServiceExporter@428ebfde, /cuba_FoldersService=com.haulmont.cuba.core.sys.remoting.HttpServiceExporter@66e4989a, /cuba_LockService=com.haulmont.cuba.core.sys.remoting.HttpServiceExporter@4e0710c5, /cuba_DataService=com.haulmont.cuba.core.sys.remoting.HttpServiceExporter@1dd241a0, /cuba_AttributeAccessService=com.haulmont.cuba.core.sys.remoting.HttpServiceExporter@139ef476, /cuba_ConstraintLocalizationService=com.haulmont.cuba.core.sys.remoting.HttpServiceExporter@423457ce, /cuba_EntitySnapshotService=com.haulmont.cuba.core.sys.remoting.HttpServiceExporter@9a23a42, /cuba_TestingTransactionsService=com.haulmont.cuba.core.sys.remoting.HttpServiceExporter@2432211, /cuba_DomainDescriptionService=com.haulmont.cuba.core.sys.remoting.HttpServiceExporter@2d11d5e7, /cuba_EntityImportExportService=com.haulmont.cuba.core.sys.remoting.HttpServiceExporter@1843f659, /cuba_BulkEditorDataService=com.haulmont.cuba.core.sys.remoting.HttpServiceExporter@42178353, /cuba_TestingService=com.haulmont.cuba.core.sys.remoting.HttpServiceExporter@1e4da7d5, /cuba_FileStorageService=com.haulmont.cuba.core.sys.remoting.HttpServiceExporter@5760c212, /cuba_EntityLogService=com.haulmont.cuba.core.sys.remoting.HttpServiceExporter@66c582da, /cuba_EmailService=com.haulmont.cuba.core.sys.remoting.HttpServiceExporter@4bbf86, /cuba_ConfigStorageService=com.haulmont.cuba.core.sys.remoting.HttpServiceExporter@70c825c9, /cuba_DynamicAttributesCacheService=com.haulmont.cuba.core.sys.remoting.HttpServiceExporter@28f2075e, /cuba_AttributeOptionsLoaderService=com.haulmont.cuba.core.sys.remoting.HttpServiceExporter@2edb28f5, /cuba_UniqueNumbersService=com.haulmont.cuba.core.sys.remoting.HttpServiceExporter@228807bd, /cuba_LocalFileExchangeService=com.haulmont.cuba.core.sys.remoting.HttpServiceExporter@2f10bd06}
2024-07-04 15:01:00.510 DEBUG [main] _org.springframework.web.servlet.HandlerMapping.Mappings - 
	c.h.c.c.c.LogDownloadController:
	{GET [/log/{file:[a-zA-Z0-9\.\-_]+}]}: getLogFile(HttpServletResponse,String,Boolean,String)
2024-07-04 15:01:00.511 DEBUG [main] _org.springframework.web.servlet.HandlerMapping.Mappings - 
	c.h.c.c.c.FileUploadController:
	{POST [/upload]}: upload(HttpServletRequest,HttpServletResponse)
2024-07-04 15:01:00.511 DEBUG [main] _org.springframework.web.servlet.HandlerMapping.Mappings - 
	c.h.c.c.c.HealthCheckController:
	{GET [/health]}: healthCheck(HttpServletRequest,HttpServletResponse)
2024-07-04 15:01:00.512 DEBUG [main] _org.springframework.web.servlet.HandlerMapping.Mappings - 
	c.h.c.c.c.FileDownloadController:
	{GET [/download]}: download(HttpServletRequest,HttpServletResponse)
2024-07-04 15:01:00.541 DEBUG [main] _org.springframework.web.servlet.HandlerMapping.Mappings - 'org.springframework.web.servlet.handler.BeanNameUrlHandlerMapping' {/cuba_AuthenticationService=com.haulmont.cuba.core.sys.remoting.HttpServiceExporter@2743e9b5, /cuba_TrustedClientService=com.haulmont.cuba.core.sys.remoting.HttpServiceExporter@25f546b8, /cuba_ServerInfoService=com.haulmont.cuba.core.sys.remoting.HttpServiceExporter@7a9bc6c1, /cuba_LocalizedMessageService=com.haulmont.cuba.core.sys.remoting.HttpServiceExporter@4a29d578, /cuba_AccessGroupsService=com.haulmont.cuba.core.sys.remoting.HttpServiceExporter@40281457, /cuba_RolesService=com.haulmont.cuba.core.sys.remoting.HttpServiceExporter@35667fb2, /cuba_UserSettingService=com.haulmont.cuba.core.sys.remoting.HttpServiceExporter@5afc307c, /cuba_UserSessionService=com.haulmont.cuba.core.sys.remoting.HttpServiceExporter@6a40a370, /cuba_SecurityScopesService=com.haulmont.cuba.core.sys.remoting.HttpServiceExporter@3bf6dc0e, /cuba_UserManagementService=com.haulmont.cuba.core.sys.remoting.HttpServiceExporter@56c856c0, /cuba_PersistenceSecurityService=com.haulmont.cuba.core.sys.remoting.HttpServiceExporter@1006738a, /cuba_ResourceService=com.haulmont.cuba.core.sys.remoting.HttpServiceExporter@64ff7aaf, /cuba_ScreenProfilerService=com.haulmont.cuba.core.sys.remoting.HttpServiceExporter@778ebf6f, /cuba_ScheduledTasksService=com.haulmont.cuba.core.sys.remoting.HttpServiceExporter@e7906af, /cuba_RelatedEntitiesService=com.haulmont.cuba.core.sys.remoting.HttpServiceExporter@60b7f05c, /cuba_EntityRestoreService=com.haulmont.cuba.core.sys.remoting.HttpServiceExporter@703c6519, /cuba_QueryResultsService=com.haulmont.cuba.core.sys.remoting.HttpServiceExporter@4626ba1b, /cuba_ExceptionReportService=com.haulmont.cuba.core.sys.remoting.HttpServiceExporter@6ffa30e3, /cuba_PersistenceManagerService=com.haulmont.cuba.core.sys.remoting.HttpServiceExporter@33af6d76, /cuba_NumberIdService=com.haulmont.cuba.core.sys.remoting.HttpServiceExporter@1d3727b8, /cuba_EntitySqlGenerationService=com.haulmont.cuba.core.sys.remoting.HttpServiceExporter@428ebfde, /cuba_FoldersService=com.haulmont.cuba.core.sys.remoting.HttpServiceExporter@66e4989a, /cuba_LockService=com.haulmont.cuba.core.sys.remoting.HttpServiceExporter@4e0710c5, /cuba_DataService=com.haulmont.cuba.core.sys.remoting.HttpServiceExporter@1dd241a0, /cuba_AttributeAccessService=com.haulmont.cuba.core.sys.remoting.HttpServiceExporter@139ef476, /cuba_ConstraintLocalizationService=com.haulmont.cuba.core.sys.remoting.HttpServiceExporter@423457ce, /cuba_EntitySnapshotService=com.haulmont.cuba.core.sys.remoting.HttpServiceExporter@9a23a42, /cuba_TestingTransactionsService=com.haulmont.cuba.core.sys.remoting.HttpServiceExporter@2432211, /cuba_DomainDescriptionService=com.haulmont.cuba.core.sys.remoting.HttpServiceExporter@2d11d5e7, /cuba_EntityImportExportService=com.haulmont.cuba.core.sys.remoting.HttpServiceExporter@1843f659, /cuba_BulkEditorDataService=com.haulmont.cuba.core.sys.remoting.HttpServiceExporter@42178353, /cuba_TestingService=com.haulmont.cuba.core.sys.remoting.HttpServiceExporter@1e4da7d5, /cuba_FileStorageService=com.haulmont.cuba.core.sys.remoting.HttpServiceExporter@5760c212, /cuba_EntityLogService=com.haulmont.cuba.core.sys.remoting.HttpServiceExporter@66c582da, /cuba_EmailService=com.haulmont.cuba.core.sys.remoting.HttpServiceExporter@4bbf86, /cuba_ConfigStorageService=com.haulmont.cuba.core.sys.remoting.HttpServiceExporter@70c825c9, /cuba_DynamicAttributesCacheService=com.haulmont.cuba.core.sys.remoting.HttpServiceExporter@28f2075e, /cuba_AttributeOptionsLoaderService=com.haulmont.cuba.core.sys.remoting.HttpServiceExporter@2edb28f5, /cuba_UniqueNumbersService=com.haulmont.cuba.core.sys.remoting.HttpServiceExporter@228807bd, /cuba_LocalFileExchangeService=com.haulmont.cuba.core.sys.remoting.HttpServiceExporter@2f10bd06}
2024-07-04 15:01:00.544 DEBUG [main] _org.springframework.web.servlet.HandlerMapping.Mappings - 
	c.h.c.c.c.LogDownloadController:
	{GET [/log/{file:[a-zA-Z0-9\.\-_]+}]}: getLogFile(HttpServletResponse,String,Boolean,String)
2024-07-04 15:01:00.545 DEBUG [main] _org.springframework.web.servlet.HandlerMapping.Mappings - 
	c.h.c.c.c.FileUploadController:
	{POST [/upload]}: upload(HttpServletRequest,HttpServletResponse)
2024-07-04 15:01:00.546 DEBUG [main] _org.springframework.web.servlet.HandlerMapping.Mappings - 
	c.h.c.c.c.HealthCheckController:
	{GET [/health]}: healthCheck(HttpServletRequest,HttpServletResponse)
2024-07-04 15:01:00.547 DEBUG [main] _org.springframework.web.servlet.HandlerMapping.Mappings - 
	c.h.c.c.c.FileDownloadController:
	{GET [/download]}: download(HttpServletRequest,HttpServletResponse)
2024-07-04 15:01:00.566 INFO  [main] com.haulmont.cuba.core.sys.remoting.RemotingServlet - Completed initialization in 277 ms
